<?xml version="1.0" encoding="UTF-8"?>
<testsuite xmlns:xsi="http://www.w3.org/2001/XMLSchema-instance" xsi:noNamespaceSchemaLocation="https://maven.apache.org/surefire/maven-surefire-plugin/xsd/surefire-test-report-3.0.xsd" version="3.0" name="TestSuite" time="274.672" tests="1" errors="0" skipped="0" failures="1">
  <properties>
    <property name="java.specification.version" value="13"/>
    <property name="webdriver.chrome.driver" value="C:\Users\gfranco\.cache\selenium\chromedriver\win32\104.0.5112.79\chromedriver.exe"/>
    <property name="sun.cpu.isalist" value="amd64"/>
    <property name="sun.jnu.encoding" value="Cp1252"/>
    <property name="sun.awt.enableExtraMouseButtons" value="true"/>
    <property name="java.class.path" value="C:\GIT - Automatizacion Pruebas Boxes\target\test-classes;C:\GIT - Automatizacion Pruebas Boxes\target\classes;C:\Users\gfranco\.m2\repository\io\github\cdimascio\dotenv-java\2.2.3\dotenv-java-2.2.3.jar;C:\Users\gfranco\.m2\repository\org\testng\testng\7.5\testng-7.5.jar;C:\Users\gfranco\.m2\repository\com\google\code\findbugs\jsr305\3.0.1\jsr305-3.0.1.jar;C:\Users\gfranco\.m2\repository\com\beust\jcommander\1.78\jcommander-1.78.jar;C:\Users\gfranco\.m2\repository\org\webjars\jquery\3.5.1\jquery-3.5.1.jar;C:\Users\gfranco\.m2\repository\org\seleniumhq\selenium\selenium-java\4.1.4\selenium-java-4.1.4.jar;C:\Users\gfranco\.m2\repository\org\seleniumhq\selenium\selenium-api\4.1.4\selenium-api-4.1.4.jar;C:\Users\gfranco\.m2\repository\org\seleniumhq\selenium\selenium-chrome-driver\4.1.4\selenium-chrome-driver-4.1.4.jar;C:\Users\gfranco\.m2\repository\com\google\auto\service\auto-service-annotations\1.0.1\auto-service-annotations-1.0.1.jar;C:\Users\gfranco\.m2\repository\com\google\auto\service\auto-service\1.0.1\auto-service-1.0.1.jar;C:\Users\gfranco\.m2\repository\com\google\auto\auto-common\1.2\auto-common-1.2.jar;C:\Users\gfranco\.m2\repository\com\google\guava\guava\31.1-jre\guava-31.1-jre.jar;C:\Users\gfranco\.m2\repository\com\google\guava\failureaccess\1.0.1\failureaccess-1.0.1.jar;C:\Users\gfranco\.m2\repository\com\google\guava\listenablefuture\9999.0-empty-to-avoid-conflict-with-guava\listenablefuture-9999.0-empty-to-avoid-conflict-with-guava.jar;C:\Users\gfranco\.m2\repository\org\checkerframework\checker-qual\3.12.0\checker-qual-3.12.0.jar;C:\Users\gfranco\.m2\repository\com\google\errorprone\error_prone_annotations\2.11.0\error_prone_annotations-2.11.0.jar;C:\Users\gfranco\.m2\repository\com\google\j2objc\j2objc-annotations\1.3\j2objc-annotations-1.3.jar;C:\Users\gfranco\.m2\repository\org\seleniumhq\selenium\selenium-chromium-driver\4.1.4\selenium-chromium-driver-4.1.4.jar;C:\Users\gfranco\.m2\repository\org\seleniumhq\selenium\selenium-json\4.1.4\selenium-json-4.1.4.jar;C:\Users\gfranco\.m2\repository\org\seleniumhq\selenium\selenium-devtools-v100\4.1.4\selenium-devtools-v100-4.1.4.jar;C:\Users\gfranco\.m2\repository\org\seleniumhq\selenium\selenium-devtools-v101\4.1.4\selenium-devtools-v101-4.1.4.jar;C:\Users\gfranco\.m2\repository\org\seleniumhq\selenium\selenium-devtools-v85\4.1.4\selenium-devtools-v85-4.1.4.jar;C:\Users\gfranco\.m2\repository\org\seleniumhq\selenium\selenium-devtools-v99\4.1.4\selenium-devtools-v99-4.1.4.jar;C:\Users\gfranco\.m2\repository\org\seleniumhq\selenium\selenium-edge-driver\4.1.4\selenium-edge-driver-4.1.4.jar;C:\Users\gfranco\.m2\repository\org\seleniumhq\selenium\selenium-firefox-driver\4.1.4\selenium-firefox-driver-4.1.4.jar;C:\Users\gfranco\.m2\repository\org\seleniumhq\selenium\selenium-ie-driver\4.1.4\selenium-ie-driver-4.1.4.jar;C:\Users\gfranco\.m2\repository\org\seleniumhq\selenium\selenium-opera-driver\4.1.4\selenium-opera-driver-4.1.4.jar;C:\Users\gfranco\.m2\repository\org\seleniumhq\selenium\selenium-remote-driver\4.1.4\selenium-remote-driver-4.1.4.jar;C:\Users\gfranco\.m2\repository\io\netty\netty-buffer\4.1.76.Final\netty-buffer-4.1.76.Final.jar;C:\Users\gfranco\.m2\repository\io\netty\netty-codec-http\4.1.76.Final\netty-codec-http-4.1.76.Final.jar;C:\Users\gfranco\.m2\repository\io\netty\netty-codec\4.1.76.Final\netty-codec-4.1.76.Final.jar;C:\Users\gfranco\.m2\repository\io\netty\netty-handler\4.1.76.Final\netty-handler-4.1.76.Final.jar;C:\Users\gfranco\.m2\repository\io\netty\netty-common\4.1.76.Final\netty-common-4.1.76.Final.jar;C:\Users\gfranco\.m2\repository\io\netty\netty-transport-classes-epoll\4.1.76.Final\netty-transport-classes-epoll-4.1.76.Final.jar;C:\Users\gfranco\.m2\repository\io\netty\netty-transport-classes-kqueue\4.1.76.Final\netty-transport-classes-kqueue-4.1.76.Final.jar;C:\Users\gfranco\.m2\repository\io\netty\netty-transport-native-epoll\4.1.76.Final\netty-transport-native-epoll-4.1.76.Final.jar;C:\Users\gfranco\.m2\repository\io\netty\netty-transport-native-kqueue\4.1.76.Final\netty-transport-native-kqueue-4.1.76.Final.jar;C:\Users\gfranco\.m2\repository\io\netty\netty-transport-native-unix-common\4.1.76.Final\netty-transport-native-unix-common-4.1.76.Final.jar;C:\Users\gfranco\.m2\repository\io\netty\netty-transport\4.1.76.Final\netty-transport-4.1.76.Final.jar;C:\Users\gfranco\.m2\repository\io\netty\netty-resolver\4.1.76.Final\netty-resolver-4.1.76.Final.jar;C:\Users\gfranco\.m2\repository\io\opentelemetry\opentelemetry-api\1.13.0\opentelemetry-api-1.13.0.jar;C:\Users\gfranco\.m2\repository\io\opentelemetry\opentelemetry-context\1.13.0\opentelemetry-context-1.13.0.jar;C:\Users\gfranco\.m2\repository\io\opentelemetry\opentelemetry-exporter-logging\1.13.0\opentelemetry-exporter-logging-1.13.0.jar;C:\Users\gfranco\.m2\repository\io\opentelemetry\opentelemetry-sdk-metrics\1.13.0-alpha\opentelemetry-sdk-metrics-1.13.0-alpha.jar;C:\Users\gfranco\.m2\repository\io\opentelemetry\opentelemetry-sdk-logs\1.13.0-alpha\opentelemetry-sdk-logs-1.13.0-alpha.jar;C:\Users\gfranco\.m2\repository\io\opentelemetry\opentelemetry-sdk-common\1.13.0\opentelemetry-sdk-common-1.13.0.jar;C:\Users\gfranco\.m2\repository\io\opentelemetry\opentelemetry-sdk-extension-autoconfigure-spi\1.13.0\opentelemetry-sdk-extension-autoconfigure-spi-1.13.0.jar;C:\Users\gfranco\.m2\repository\io\opentelemetry\opentelemetry-sdk-extension-autoconfigure\1.13.0-alpha\opentelemetry-sdk-extension-autoconfigure-1.13.0-alpha.jar;C:\Users\gfranco\.m2\repository\io\opentelemetry\opentelemetry-sdk-trace\1.13.0\opentelemetry-sdk-trace-1.13.0.jar;C:\Users\gfranco\.m2\repository\io\opentelemetry\opentelemetry-sdk\1.13.0\opentelemetry-sdk-1.13.0.jar;C:\Users\gfranco\.m2\repository\io\opentelemetry\opentelemetry-semconv\1.13.0-alpha\opentelemetry-semconv-1.13.0-alpha.jar;C:\Users\gfranco\.m2\repository\io\ous\jtoml\2.0.0\jtoml-2.0.0.jar;C:\Users\gfranco\.m2\repository\net\bytebuddy\byte-buddy\1.12.9\byte-buddy-1.12.9.jar;C:\Users\gfranco\.m2\repository\org\apache\commons\commons-exec\1.3\commons-exec-1.3.jar;C:\Users\gfranco\.m2\repository\org\asynchttpclient\async-http-client\2.12.3\async-http-client-2.12.3.jar;C:\Users\gfranco\.m2\repository\org\asynchttpclient\async-http-client-netty-utils\2.12.3\async-http-client-netty-utils-2.12.3.jar;C:\Users\gfranco\.m2\repository\io\netty\netty-codec-socks\4.1.60.Final\netty-codec-socks-4.1.60.Final.jar;C:\Users\gfranco\.m2\repository\io\netty\netty-handler-proxy\4.1.60.Final\netty-handler-proxy-4.1.60.Final.jar;C:\Users\gfranco\.m2\repository\io\netty\netty-transport-native-epoll\4.1.60.Final\netty-transport-native-epoll-4.1.60.Final-linux-x86_64.jar;C:\Users\gfranco\.m2\repository\io\netty\netty-transport-native-kqueue\4.1.60.Final\netty-transport-native-kqueue-4.1.60.Final-osx-x86_64.jar;C:\Users\gfranco\.m2\repository\org\reactivestreams\reactive-streams\1.0.3\reactive-streams-1.0.3.jar;C:\Users\gfranco\.m2\repository\com\typesafe\netty\netty-reactive-streams\2.0.4\netty-reactive-streams-2.0.4.jar;C:\Users\gfranco\.m2\repository\com\sun\activation\jakarta.activation\1.2.2\jakarta.activation-1.2.2.jar;C:\Users\gfranco\.m2\repository\org\seleniumhq\selenium\selenium-http\4.1.4\selenium-http-4.1.4.jar;C:\Users\gfranco\.m2\repository\dev\failsafe\failsafe\3.2.3\failsafe-3.2.3.jar;C:\Users\gfranco\.m2\repository\org\seleniumhq\selenium\selenium-safari-driver\4.1.4\selenium-safari-driver-4.1.4.jar;C:\Users\gfranco\.m2\repository\org\seleniumhq\selenium\selenium-support\4.1.4\selenium-support-4.1.4.jar;C:\Users\gfranco\.m2\repository\org\slf4j\slf4j-api\1.7.5\slf4j-api-1.7.5.jar;C:\Users\gfranco\.m2\repository\org\slf4j\slf4j-simple\1.7.5\slf4j-simple-1.7.5.jar;C:\Users\gfranco\.m2\repository\io\cucumber\cucumber-java\7.0.0\cucumber-java-7.0.0.jar;C:\Users\gfranco\.m2\repository\io\cucumber\cucumber-core\7.0.0\cucumber-core-7.0.0.jar;C:\Users\gfranco\.m2\repository\io\cucumber\cucumber-gherkin\7.0.0\cucumber-gherkin-7.0.0.jar;C:\Users\gfranco\.m2\repository\io\cucumber\cucumber-gherkin-messages\7.0.0\cucumber-gherkin-messages-7.0.0.jar;C:\Users\gfranco\.m2\repository\io\cucumber\messages\17.1.1\messages-17.1.1.jar;C:\Users\gfranco\.m2\repository\io\cucumber\tag-expressions\4.0.2\tag-expressions-4.0.2.jar;C:\Users\gfranco\.m2\repository\io\cucumber\cucumber-expressions\13.0.1\cucumber-expressions-13.0.1.jar;C:\Users\gfranco\.m2\repository\io\cucumber\datatable\7.0.0\datatable-7.0.0.jar;C:\Users\gfranco\.m2\repository\io\cucumber\cucumber-plugin\7.0.0\cucumber-plugin-7.0.0.jar;C:\Users\gfranco\.m2\repository\io\cucumber\docstring\7.0.0\docstring-7.0.0.jar;C:\Users\gfranco\.m2\repository\io\cucumber\html-formatter\17.0.0\html-formatter-17.0.0.jar;C:\Users\gfranco\.m2\repository\io\cucumber\create-meta\6.0.1\create-meta-6.0.1.jar;C:\Users\gfranco\.m2\repository\org\apiguardian\apiguardian-api\1.1.2\apiguardian-api-1.1.2.jar;C:\Users\gfranco\.m2\repository\io\cucumber\cucumber-testng\7.3.2\cucumber-testng-7.3.2.jar;C:\Users\gfranco\.m2\repository\io\qameta\allure\allure-testng\2.17.3\allure-testng-2.17.3.jar;C:\Users\gfranco\.m2\repository\io\qameta\allure\allure-java-commons\2.17.3\allure-java-commons-2.17.3.jar;C:\Users\gfranco\.m2\repository\io\qameta\allure\allure-model\2.17.3\allure-model-2.17.3.jar;C:\Users\gfranco\.m2\repository\io\qameta\allure\allure-test-filter\2.17.3\allure-test-filter-2.17.3.jar;C:\Users\gfranco\.m2\repository\com\microsoft\sqlserver\mssql-jdbc\10.2.0.jre11\mssql-jdbc-10.2.0.jre11.jar;C:\Users\gfranco\.m2\repository\com\googlecode\json-simple\json-simple\1.1\json-simple-1.1.jar;C:\Users\gfranco\.m2\repository\io\github\bonigarcia\webdrivermanager\5.1.1\webdrivermanager-5.1.1.jar;C:\Users\gfranco\.m2\repository\com\google\code\gson\gson\2.9.0\gson-2.9.0.jar;C:\Users\gfranco\.m2\repository\com\github\docker-java\docker-java\3.2.13\docker-java-3.2.13.jar;C:\Users\gfranco\.m2\repository\com\github\docker-java\docker-java-core\3.2.13\docker-java-core-3.2.13.jar;C:\Users\gfranco\.m2\repository\com\github\docker-java\docker-java-api\3.2.13\docker-java-api-3.2.13.jar;C:\Users\gfranco\.m2\repository\com\fasterxml\jackson\core\jackson-annotations\2.10.3\jackson-annotations-2.10.3.jar;C:\Users\gfranco\.m2\repository\commons-io\commons-io\2.6\commons-io-2.6.jar;C:\Users\gfranco\.m2\repository\org\apache\commons\commons-compress\1.21\commons-compress-1.21.jar;C:\Users\gfranco\.m2\repository\com\fasterxml\jackson\core\jackson-databind\2.10.3\jackson-databind-2.10.3.jar;C:\Users\gfranco\.m2\repository\com\fasterxml\jackson\core\jackson-core\2.10.3\jackson-core-2.10.3.jar;C:\Users\gfranco\.m2\repository\org\bouncycastle\bcpkix-jdk15on\1.64\bcpkix-jdk15on-1.64.jar;C:\Users\gfranco\.m2\repository\org\bouncycastle\bcprov-jdk15on\1.64\bcprov-jdk15on-1.64.jar;C:\Users\gfranco\.m2\repository\org\slf4j\jcl-over-slf4j\1.7.30\jcl-over-slf4j-1.7.30.jar;C:\Users\gfranco\.m2\repository\com\github\docker-java\docker-java-transport-httpclient5\3.2.13\docker-java-transport-httpclient5-3.2.13.jar;C:\Users\gfranco\.m2\repository\com\github\docker-java\docker-java-transport\3.2.13\docker-java-transport-3.2.13.jar;C:\Users\gfranco\.m2\repository\net\java\dev\jna\jna\5.8.0\jna-5.8.0.jar;C:\Users\gfranco\.m2\repository\org\brotli\dec\0.1.2\dec-0.1.2.jar;C:\Users\gfranco\.m2\repository\org\apache\commons\commons-lang3\3.12.0\commons-lang3-3.12.0.jar;C:\Users\gfranco\.m2\repository\org\apache\httpcomponents\client5\httpclient5\5.1.3\httpclient5-5.1.3.jar;C:\Users\gfranco\.m2\repository\org\apache\httpcomponents\core5\httpcore5\5.1.3\httpcore5-5.1.3.jar;C:\Users\gfranco\.m2\repository\org\apache\httpcomponents\core5\httpcore5-h2\5.1.3\httpcore5-h2-5.1.3.jar;C:\Users\gfranco\.m2\repository\commons-codec\commons-codec\1.15\commons-codec-1.15.jar;C:\Users\gfranco\.m2\repository\io\rest-assured\rest-assured\5.0.1\rest-assured-5.0.1.jar;C:\Users\gfranco\.m2\repository\org\apache\groovy\groovy\4.0.1\groovy-4.0.1.jar;C:\Users\gfranco\.m2\repository\org\apache\groovy\groovy-xml\4.0.1\groovy-xml-4.0.1.jar;C:\Users\gfranco\.m2\repository\org\apache\httpcomponents\httpclient\4.5.13\httpclient-4.5.13.jar;C:\Users\gfranco\.m2\repository\org\apache\httpcomponents\httpcore\4.4.13\httpcore-4.4.13.jar;C:\Users\gfranco\.m2\repository\commons-logging\commons-logging\1.2\commons-logging-1.2.jar;C:\Users\gfranco\.m2\repository\org\apache\httpcomponents\httpmime\4.5.13\httpmime-4.5.13.jar;C:\Users\gfranco\.m2\repository\org\hamcrest\hamcrest\2.1\hamcrest-2.1.jar;C:\Users\gfranco\.m2\repository\org\ccil\cowan\tagsoup\tagsoup\1.2.1\tagsoup-1.2.1.jar;C:\Users\gfranco\.m2\repository\io\rest-assured\json-path\5.0.1\json-path-5.0.1.jar;C:\Users\gfranco\.m2\repository\org\apache\groovy\groovy-json\4.0.1\groovy-json-4.0.1.jar;C:\Users\gfranco\.m2\repository\io\rest-assured\rest-assured-common\5.0.1\rest-assured-common-5.0.1.jar;C:\Users\gfranco\.m2\repository\io\rest-assured\xml-path\5.0.1\xml-path-5.0.1.jar;C:\Users\gfranco\.m2\repository\com\github\stephenc\monte\monte-screen-recorder\0.7.7.0\monte-screen-recorder-0.7.7.0.jar;"/>
    <property name="java.vm.vendor" value="Oracle Corporation"/>
    <property name="sun.arch.data.model" value="64"/>
    <property name="user.variant" value=""/>
    <property name="java.vendor.url" value="https://java.oracle.com/"/>
    <property name="user.timezone" value="America/Buenos_Aires"/>
    <property name="os.name" value="Windows 10"/>
    <property name="java.vm.specification.version" value="13"/>
    <property name="sun.java.launcher" value="SUN_STANDARD"/>
    <property name="user.country" value="AR"/>
    <property name="sun.boot.library.path" value="C:\Program Files\Java\jdk-13.0.2\bin"/>
    <property name="sun.java.command" value="C:\Users\gfranco\AppData\Local\Temp\surefire17396786859465102640\surefirebooter17213173014833330820.jar C:\Users\gfranco\AppData\Local\Temp\surefire17396786859465102640 2022-08-26T13-08-10_736-jvmRun1 surefire16495978899385541663tmp surefire_011606515975985064645tmp"/>
    <property name="jdk.debug" value="release"/>
    <property name="surefire.test.class.path" value="C:\GIT - Automatizacion Pruebas Boxes\target\test-classes;C:\GIT - Automatizacion Pruebas Boxes\target\classes;C:\Users\gfranco\.m2\repository\io\github\cdimascio\dotenv-java\2.2.3\dotenv-java-2.2.3.jar;C:\Users\gfranco\.m2\repository\org\testng\testng\7.5\testng-7.5.jar;C:\Users\gfranco\.m2\repository\com\google\code\findbugs\jsr305\3.0.1\jsr305-3.0.1.jar;C:\Users\gfranco\.m2\repository\com\beust\jcommander\1.78\jcommander-1.78.jar;C:\Users\gfranco\.m2\repository\org\webjars\jquery\3.5.1\jquery-3.5.1.jar;C:\Users\gfranco\.m2\repository\org\seleniumhq\selenium\selenium-java\4.1.4\selenium-java-4.1.4.jar;C:\Users\gfranco\.m2\repository\org\seleniumhq\selenium\selenium-api\4.1.4\selenium-api-4.1.4.jar;C:\Users\gfranco\.m2\repository\org\seleniumhq\selenium\selenium-chrome-driver\4.1.4\selenium-chrome-driver-4.1.4.jar;C:\Users\gfranco\.m2\repository\com\google\auto\service\auto-service-annotations\1.0.1\auto-service-annotations-1.0.1.jar;C:\Users\gfranco\.m2\repository\com\google\auto\service\auto-service\1.0.1\auto-service-1.0.1.jar;C:\Users\gfranco\.m2\repository\com\google\auto\auto-common\1.2\auto-common-1.2.jar;C:\Users\gfranco\.m2\repository\com\google\guava\guava\31.1-jre\guava-31.1-jre.jar;C:\Users\gfranco\.m2\repository\com\google\guava\failureaccess\1.0.1\failureaccess-1.0.1.jar;C:\Users\gfranco\.m2\repository\com\google\guava\listenablefuture\9999.0-empty-to-avoid-conflict-with-guava\listenablefuture-9999.0-empty-to-avoid-conflict-with-guava.jar;C:\Users\gfranco\.m2\repository\org\checkerframework\checker-qual\3.12.0\checker-qual-3.12.0.jar;C:\Users\gfranco\.m2\repository\com\google\errorprone\error_prone_annotations\2.11.0\error_prone_annotations-2.11.0.jar;C:\Users\gfranco\.m2\repository\com\google\j2objc\j2objc-annotations\1.3\j2objc-annotations-1.3.jar;C:\Users\gfranco\.m2\repository\org\seleniumhq\selenium\selenium-chromium-driver\4.1.4\selenium-chromium-driver-4.1.4.jar;C:\Users\gfranco\.m2\repository\org\seleniumhq\selenium\selenium-json\4.1.4\selenium-json-4.1.4.jar;C:\Users\gfranco\.m2\repository\org\seleniumhq\selenium\selenium-devtools-v100\4.1.4\selenium-devtools-v100-4.1.4.jar;C:\Users\gfranco\.m2\repository\org\seleniumhq\selenium\selenium-devtools-v101\4.1.4\selenium-devtools-v101-4.1.4.jar;C:\Users\gfranco\.m2\repository\org\seleniumhq\selenium\selenium-devtools-v85\4.1.4\selenium-devtools-v85-4.1.4.jar;C:\Users\gfranco\.m2\repository\org\seleniumhq\selenium\selenium-devtools-v99\4.1.4\selenium-devtools-v99-4.1.4.jar;C:\Users\gfranco\.m2\repository\org\seleniumhq\selenium\selenium-edge-driver\4.1.4\selenium-edge-driver-4.1.4.jar;C:\Users\gfranco\.m2\repository\org\seleniumhq\selenium\selenium-firefox-driver\4.1.4\selenium-firefox-driver-4.1.4.jar;C:\Users\gfranco\.m2\repository\org\seleniumhq\selenium\selenium-ie-driver\4.1.4\selenium-ie-driver-4.1.4.jar;C:\Users\gfranco\.m2\repository\org\seleniumhq\selenium\selenium-opera-driver\4.1.4\selenium-opera-driver-4.1.4.jar;C:\Users\gfranco\.m2\repository\org\seleniumhq\selenium\selenium-remote-driver\4.1.4\selenium-remote-driver-4.1.4.jar;C:\Users\gfranco\.m2\repository\io\netty\netty-buffer\4.1.76.Final\netty-buffer-4.1.76.Final.jar;C:\Users\gfranco\.m2\repository\io\netty\netty-codec-http\4.1.76.Final\netty-codec-http-4.1.76.Final.jar;C:\Users\gfranco\.m2\repository\io\netty\netty-codec\4.1.76.Final\netty-codec-4.1.76.Final.jar;C:\Users\gfranco\.m2\repository\io\netty\netty-handler\4.1.76.Final\netty-handler-4.1.76.Final.jar;C:\Users\gfranco\.m2\repository\io\netty\netty-common\4.1.76.Final\netty-common-4.1.76.Final.jar;C:\Users\gfranco\.m2\repository\io\netty\netty-transport-classes-epoll\4.1.76.Final\netty-transport-classes-epoll-4.1.76.Final.jar;C:\Users\gfranco\.m2\repository\io\netty\netty-transport-classes-kqueue\4.1.76.Final\netty-transport-classes-kqueue-4.1.76.Final.jar;C:\Users\gfranco\.m2\repository\io\netty\netty-transport-native-epoll\4.1.76.Final\netty-transport-native-epoll-4.1.76.Final.jar;C:\Users\gfranco\.m2\repository\io\netty\netty-transport-native-kqueue\4.1.76.Final\netty-transport-native-kqueue-4.1.76.Final.jar;C:\Users\gfranco\.m2\repository\io\netty\netty-transport-native-unix-common\4.1.76.Final\netty-transport-native-unix-common-4.1.76.Final.jar;C:\Users\gfranco\.m2\repository\io\netty\netty-transport\4.1.76.Final\netty-transport-4.1.76.Final.jar;C:\Users\gfranco\.m2\repository\io\netty\netty-resolver\4.1.76.Final\netty-resolver-4.1.76.Final.jar;C:\Users\gfranco\.m2\repository\io\opentelemetry\opentelemetry-api\1.13.0\opentelemetry-api-1.13.0.jar;C:\Users\gfranco\.m2\repository\io\opentelemetry\opentelemetry-context\1.13.0\opentelemetry-context-1.13.0.jar;C:\Users\gfranco\.m2\repository\io\opentelemetry\opentelemetry-exporter-logging\1.13.0\opentelemetry-exporter-logging-1.13.0.jar;C:\Users\gfranco\.m2\repository\io\opentelemetry\opentelemetry-sdk-metrics\1.13.0-alpha\opentelemetry-sdk-metrics-1.13.0-alpha.jar;C:\Users\gfranco\.m2\repository\io\opentelemetry\opentelemetry-sdk-logs\1.13.0-alpha\opentelemetry-sdk-logs-1.13.0-alpha.jar;C:\Users\gfranco\.m2\repository\io\opentelemetry\opentelemetry-sdk-common\1.13.0\opentelemetry-sdk-common-1.13.0.jar;C:\Users\gfranco\.m2\repository\io\opentelemetry\opentelemetry-sdk-extension-autoconfigure-spi\1.13.0\opentelemetry-sdk-extension-autoconfigure-spi-1.13.0.jar;C:\Users\gfranco\.m2\repository\io\opentelemetry\opentelemetry-sdk-extension-autoconfigure\1.13.0-alpha\opentelemetry-sdk-extension-autoconfigure-1.13.0-alpha.jar;C:\Users\gfranco\.m2\repository\io\opentelemetry\opentelemetry-sdk-trace\1.13.0\opentelemetry-sdk-trace-1.13.0.jar;C:\Users\gfranco\.m2\repository\io\opentelemetry\opentelemetry-sdk\1.13.0\opentelemetry-sdk-1.13.0.jar;C:\Users\gfranco\.m2\repository\io\opentelemetry\opentelemetry-semconv\1.13.0-alpha\opentelemetry-semconv-1.13.0-alpha.jar;C:\Users\gfranco\.m2\repository\io\ous\jtoml\2.0.0\jtoml-2.0.0.jar;C:\Users\gfranco\.m2\repository\net\bytebuddy\byte-buddy\1.12.9\byte-buddy-1.12.9.jar;C:\Users\gfranco\.m2\repository\org\apache\commons\commons-exec\1.3\commons-exec-1.3.jar;C:\Users\gfranco\.m2\repository\org\asynchttpclient\async-http-client\2.12.3\async-http-client-2.12.3.jar;C:\Users\gfranco\.m2\repository\org\asynchttpclient\async-http-client-netty-utils\2.12.3\async-http-client-netty-utils-2.12.3.jar;C:\Users\gfranco\.m2\repository\io\netty\netty-codec-socks\4.1.60.Final\netty-codec-socks-4.1.60.Final.jar;C:\Users\gfranco\.m2\repository\io\netty\netty-handler-proxy\4.1.60.Final\netty-handler-proxy-4.1.60.Final.jar;C:\Users\gfranco\.m2\repository\io\netty\netty-transport-native-epoll\4.1.60.Final\netty-transport-native-epoll-4.1.60.Final-linux-x86_64.jar;C:\Users\gfranco\.m2\repository\io\netty\netty-transport-native-kqueue\4.1.60.Final\netty-transport-native-kqueue-4.1.60.Final-osx-x86_64.jar;C:\Users\gfranco\.m2\repository\org\reactivestreams\reactive-streams\1.0.3\reactive-streams-1.0.3.jar;C:\Users\gfranco\.m2\repository\com\typesafe\netty\netty-reactive-streams\2.0.4\netty-reactive-streams-2.0.4.jar;C:\Users\gfranco\.m2\repository\com\sun\activation\jakarta.activation\1.2.2\jakarta.activation-1.2.2.jar;C:\Users\gfranco\.m2\repository\org\seleniumhq\selenium\selenium-http\4.1.4\selenium-http-4.1.4.jar;C:\Users\gfranco\.m2\repository\dev\failsafe\failsafe\3.2.3\failsafe-3.2.3.jar;C:\Users\gfranco\.m2\repository\org\seleniumhq\selenium\selenium-safari-driver\4.1.4\selenium-safari-driver-4.1.4.jar;C:\Users\gfranco\.m2\repository\org\seleniumhq\selenium\selenium-support\4.1.4\selenium-support-4.1.4.jar;C:\Users\gfranco\.m2\repository\org\slf4j\slf4j-api\1.7.5\slf4j-api-1.7.5.jar;C:\Users\gfranco\.m2\repository\org\slf4j\slf4j-simple\1.7.5\slf4j-simple-1.7.5.jar;C:\Users\gfranco\.m2\repository\io\cucumber\cucumber-java\7.0.0\cucumber-java-7.0.0.jar;C:\Users\gfranco\.m2\repository\io\cucumber\cucumber-core\7.0.0\cucumber-core-7.0.0.jar;C:\Users\gfranco\.m2\repository\io\cucumber\cucumber-gherkin\7.0.0\cucumber-gherkin-7.0.0.jar;C:\Users\gfranco\.m2\repository\io\cucumber\cucumber-gherkin-messages\7.0.0\cucumber-gherkin-messages-7.0.0.jar;C:\Users\gfranco\.m2\repository\io\cucumber\messages\17.1.1\messages-17.1.1.jar;C:\Users\gfranco\.m2\repository\io\cucumber\tag-expressions\4.0.2\tag-expressions-4.0.2.jar;C:\Users\gfranco\.m2\repository\io\cucumber\cucumber-expressions\13.0.1\cucumber-expressions-13.0.1.jar;C:\Users\gfranco\.m2\repository\io\cucumber\datatable\7.0.0\datatable-7.0.0.jar;C:\Users\gfranco\.m2\repository\io\cucumber\cucumber-plugin\7.0.0\cucumber-plugin-7.0.0.jar;C:\Users\gfranco\.m2\repository\io\cucumber\docstring\7.0.0\docstring-7.0.0.jar;C:\Users\gfranco\.m2\repository\io\cucumber\html-formatter\17.0.0\html-formatter-17.0.0.jar;C:\Users\gfranco\.m2\repository\io\cucumber\create-meta\6.0.1\create-meta-6.0.1.jar;C:\Users\gfranco\.m2\repository\org\apiguardian\apiguardian-api\1.1.2\apiguardian-api-1.1.2.jar;C:\Users\gfranco\.m2\repository\io\cucumber\cucumber-testng\7.3.2\cucumber-testng-7.3.2.jar;C:\Users\gfranco\.m2\repository\io\qameta\allure\allure-testng\2.17.3\allure-testng-2.17.3.jar;C:\Users\gfranco\.m2\repository\io\qameta\allure\allure-java-commons\2.17.3\allure-java-commons-2.17.3.jar;C:\Users\gfranco\.m2\repository\io\qameta\allure\allure-model\2.17.3\allure-model-2.17.3.jar;C:\Users\gfranco\.m2\repository\io\qameta\allure\allure-test-filter\2.17.3\allure-test-filter-2.17.3.jar;C:\Users\gfranco\.m2\repository\com\microsoft\sqlserver\mssql-jdbc\10.2.0.jre11\mssql-jdbc-10.2.0.jre11.jar;C:\Users\gfranco\.m2\repository\com\googlecode\json-simple\json-simple\1.1\json-simple-1.1.jar;C:\Users\gfranco\.m2\repository\io\github\bonigarcia\webdrivermanager\5.1.1\webdrivermanager-5.1.1.jar;C:\Users\gfranco\.m2\repository\com\google\code\gson\gson\2.9.0\gson-2.9.0.jar;C:\Users\gfranco\.m2\repository\com\github\docker-java\docker-java\3.2.13\docker-java-3.2.13.jar;C:\Users\gfranco\.m2\repository\com\github\docker-java\docker-java-core\3.2.13\docker-java-core-3.2.13.jar;C:\Users\gfranco\.m2\repository\com\github\docker-java\docker-java-api\3.2.13\docker-java-api-3.2.13.jar;C:\Users\gfranco\.m2\repository\com\fasterxml\jackson\core\jackson-annotations\2.10.3\jackson-annotations-2.10.3.jar;C:\Users\gfranco\.m2\repository\commons-io\commons-io\2.6\commons-io-2.6.jar;C:\Users\gfranco\.m2\repository\org\apache\commons\commons-compress\1.21\commons-compress-1.21.jar;C:\Users\gfranco\.m2\repository\com\fasterxml\jackson\core\jackson-databind\2.10.3\jackson-databind-2.10.3.jar;C:\Users\gfranco\.m2\repository\com\fasterxml\jackson\core\jackson-core\2.10.3\jackson-core-2.10.3.jar;C:\Users\gfranco\.m2\repository\org\bouncycastle\bcpkix-jdk15on\1.64\bcpkix-jdk15on-1.64.jar;C:\Users\gfranco\.m2\repository\org\bouncycastle\bcprov-jdk15on\1.64\bcprov-jdk15on-1.64.jar;C:\Users\gfranco\.m2\repository\org\slf4j\jcl-over-slf4j\1.7.30\jcl-over-slf4j-1.7.30.jar;C:\Users\gfranco\.m2\repository\com\github\docker-java\docker-java-transport-httpclient5\3.2.13\docker-java-transport-httpclient5-3.2.13.jar;C:\Users\gfranco\.m2\repository\com\github\docker-java\docker-java-transport\3.2.13\docker-java-transport-3.2.13.jar;C:\Users\gfranco\.m2\repository\net\java\dev\jna\jna\5.8.0\jna-5.8.0.jar;C:\Users\gfranco\.m2\repository\org\brotli\dec\0.1.2\dec-0.1.2.jar;C:\Users\gfranco\.m2\repository\org\apache\commons\commons-lang3\3.12.0\commons-lang3-3.12.0.jar;C:\Users\gfranco\.m2\repository\org\apache\httpcomponents\client5\httpclient5\5.1.3\httpclient5-5.1.3.jar;C:\Users\gfranco\.m2\repository\org\apache\httpcomponents\core5\httpcore5\5.1.3\httpcore5-5.1.3.jar;C:\Users\gfranco\.m2\repository\org\apache\httpcomponents\core5\httpcore5-h2\5.1.3\httpcore5-h2-5.1.3.jar;C:\Users\gfranco\.m2\repository\commons-codec\commons-codec\1.15\commons-codec-1.15.jar;C:\Users\gfranco\.m2\repository\io\rest-assured\rest-assured\5.0.1\rest-assured-5.0.1.jar;C:\Users\gfranco\.m2\repository\org\apache\groovy\groovy\4.0.1\groovy-4.0.1.jar;C:\Users\gfranco\.m2\repository\org\apache\groovy\groovy-xml\4.0.1\groovy-xml-4.0.1.jar;C:\Users\gfranco\.m2\repository\org\apache\httpcomponents\httpclient\4.5.13\httpclient-4.5.13.jar;C:\Users\gfranco\.m2\repository\org\apache\httpcomponents\httpcore\4.4.13\httpcore-4.4.13.jar;C:\Users\gfranco\.m2\repository\commons-logging\commons-logging\1.2\commons-logging-1.2.jar;C:\Users\gfranco\.m2\repository\org\apache\httpcomponents\httpmime\4.5.13\httpmime-4.5.13.jar;C:\Users\gfranco\.m2\repository\org\hamcrest\hamcrest\2.1\hamcrest-2.1.jar;C:\Users\gfranco\.m2\repository\org\ccil\cowan\tagsoup\tagsoup\1.2.1\tagsoup-1.2.1.jar;C:\Users\gfranco\.m2\repository\io\rest-assured\json-path\5.0.1\json-path-5.0.1.jar;C:\Users\gfranco\.m2\repository\org\apache\groovy\groovy-json\4.0.1\groovy-json-4.0.1.jar;C:\Users\gfranco\.m2\repository\io\rest-assured\rest-assured-common\5.0.1\rest-assured-common-5.0.1.jar;C:\Users\gfranco\.m2\repository\io\rest-assured\xml-path\5.0.1\xml-path-5.0.1.jar;C:\Users\gfranco\.m2\repository\com\github\stephenc\monte\monte-screen-recorder\0.7.7.0\monte-screen-recorder-0.7.7.0.jar;"/>
    <property name="sun.cpu.endian" value="little"/>
    <property name="user.home" value="C:\Users\gfranco"/>
    <property name="user.language" value="es"/>
    <property name="java.specification.vendor" value="Oracle Corporation"/>
    <property name="java.version.date" value="2020-01-14"/>
    <property name="java.home" value="C:\Program Files\Java\jdk-13.0.2"/>
    <property name="file.separator" value="\"/>
    <property name="basedir" value="C:\GIT - Automatizacion Pruebas Boxes"/>
    <property name="java.vm.compressedOopsMode" value="32-bit"/>
    <property name="line.separator" value="&#10;"/>
    <property name="java.vm.specification.vendor" value="Oracle Corporation"/>
    <property name="java.specification.name" value="Java Platform API Specification"/>
    <property name="surefire.real.class.path" value="C:\Users\gfranco\AppData\Local\Temp\surefire17396786859465102640\surefirebooter17213173014833330820.jar"/>
    <property name="user.script" value=""/>
    <property name="sun.management.compiler" value="HotSpot 64-Bit Tiered Compilers"/>
    <property name="java.runtime.version" value="13.0.2+8"/>
    <property name="user.name" value="gfranco"/>
    <property name="path.separator" value=";"/>
    <property name="os.version" value="10.0"/>
    <property name="java.runtime.name" value="Java(TM) SE Runtime Environment"/>
    <property name="file.encoding" value="Cp1252"/>
    <property name="java.vm.name" value="Java HotSpot(TM) 64-Bit Server VM"/>
    <property name="localRepository" value="C:\Users\gfranco\.m2\repository"/>
    <property name="java.vendor.url.bug" value="https://bugreport.java.com/bugreport/"/>
    <property name="java.io.tmpdir" value="C:\Users\gfranco\AppData\Local\Temp\"/>
    <property name="java.version" value="13.0.2"/>
    <property name="cucumber.filter.tags" value="@StrixFlotas"/>
    <property name="user.dir" value="C:\GIT - Automatizacion Pruebas Boxes"/>
    <property name="os.arch" value="amd64"/>
    <property name="java.vm.specification.name" value="Java Virtual Machine Specification"/>
    <property name="sun.os.patch.level" value=""/>
    <property name="java.library.path" value="C:\Program Files\Java\jdk-13.0.2\bin;C:\WINDOWS\Sun\Java\bin;C:\WINDOWS\system32;C:\WINDOWS;C:\Program Files (x86)\Common Files\Intel\Shared Libraries\redist\intel64\compiler;C:\Program Files (x86)\Common Files\Oracle\Java\javapath;C:\Program Files (x86)\Intel\Intel(R) Management Engine Components\iCLS\;C:\Program Files\Intel\Intel(R) Management Engine Components\iCLS\;C:\WINDOWS\system32;C:\WINDOWS;C:\WINDOWS\System32\Wbem;C:\WINDOWS\System32\WindowsPowerShell\v1.0\;C:\Program Files (x86)\Intel\Intel(R) Management Engine Components\DAL;C:\Program Files\Intel\Intel(R) Management Engine Components\DAL;C:\Program Files (x86)\Intel\Intel(R) Management Engine Components\IPT;C:\Program Files\Intel\Intel(R) Management Engine Components\IPT;C:\Program Files\Java\jdk-13.0.2\bin;C:\Program Files\PuTTY\;C:\Program Files\Git\cmd;C:\Program Files\Intel\WiFi\bin\;C:\Program Files\Common Files\Intel\WirelessCommon\;C:\WINDOWS\System32\OpenSSH\;C:\Program Files\Azure Data Studio\bin;C:\Program Files\Microsoft SQL Server\Client SDK\ODBC\170\Tools\Binn\;C:\Program Files (x86)\Microsoft SQL Server\150\Tools\Binn\;C:\Program Files\Microsoft SQL Server\150\Tools\Binn\;C:\Program Files\Microsoft SQL Server\150\DTS\Binn\;C:\Program Files (x86)\Microsoft SQL Server\150\DTS\Binn\;C:\Program Files\dotnet\;C:\Instaladores\apache-maven-3.8.6\bin;C:\Users\gfranco\AppData\Local\Microsoft\WindowsApps;C:\Program Files\Java\jdk-13.0.2\bin;;C:\Users\gfranco\AppData\Local\Programs\EmEditor;C:\Program Files\Azure Data Studio\bin;."/>
    <property name="java.vm.info" value="mixed mode, sharing"/>
    <property name="java.vendor" value="Oracle Corporation"/>
    <property name="java.vm.version" value="13.0.2+8"/>
    <property name="jsse.enableCBCProtection" value="false"/>
    <property name="sun.io.unicode.encoding" value="UnicodeLittle"/>
    <property name="java.class.version" value="57.0"/>
  </properties>
  <testcase name="runScenario[&quot;Instalacion de la solucion Strix flotas&quot;, &quot;Strix Flotas&quot;](1)" classname="testRunner.RunnerByTag" time="252.912">
    <failure message="Expected condition failed: waiting for element to be clickable: By.xpath: //li//label[text()=&apos;Control de SDS&apos;] (tried for 30 second(s) with 500 milliseconds interval)&#10;Build info: version: &apos;4.1.4&apos;, revision: &apos;535d840ee2&apos;&#10;System info: host: &apos;AR01ENOT0090&apos;, ip: &apos;192.168.90.1&apos;, os.name: &apos;Windows 10&apos;, os.arch: &apos;amd64&apos;, os.version: &apos;10.0&apos;, java.version: &apos;13.0.2&apos;&#10;Driver info: org.openqa.selenium.chrome.ChromeDriver&#10;Capabilities {acceptInsecureCerts: false, browserName: chrome, browserVersion: 104.0.5112.102, chrome: {chromedriverVersion: 104.0.5112.79 (3cf3e8c8a07d..., userDataDir: C:\Users\gfranco\AppData\Lo...}, goog:chromeOptions: {debuggerAddress: localhost:51629}, javascriptEnabled: true, networkConnectionEnabled: false, pageLoadStrategy: normal, platform: WINDOWS, platformName: WINDOWS, proxy: Proxy(), se:cdp: ws://localhost:51629/devtoo..., se:cdpVersion: 104.0.5112.102, setWindowRect: true, strictFileInteractability: false, timeouts: {implicit: 0, pageLoad: 300000, script: 30000}, unhandledPromptBehavior: dismiss and notify, webauthn:extension:credBlob: true, webauthn:extension:largeBlob: true, webauthn:virtualAuthenticators: true}&#10;Session ID: a7dd377602f4adb343064a02522294cf" type="org.openqa.selenium.TimeoutException"><![CDATA[org.openqa.selenium.TimeoutException: 
Expected condition failed: waiting for element to be clickable: By.xpath: //li//label[text()='Control de SDS'] (tried for 30 second(s) with 500 milliseconds interval)
Build info: version: '4.1.4', revision: '535d840ee2'
System info: host: 'AR01ENOT0090', ip: '192.168.90.1', os.name: 'Windows 10', os.arch: 'amd64', os.version: '10.0', java.version: '13.0.2'
Driver info: org.openqa.selenium.chrome.ChromeDriver
Capabilities {acceptInsecureCerts: false, browserName: chrome, browserVersion: 104.0.5112.102, chrome: {chromedriverVersion: 104.0.5112.79 (3cf3e8c8a07d..., userDataDir: C:\Users\gfranco\AppData\Lo...}, goog:chromeOptions: {debuggerAddress: localhost:51629}, javascriptEnabled: true, networkConnectionEnabled: false, pageLoadStrategy: normal, platform: WINDOWS, platformName: WINDOWS, proxy: Proxy(), se:cdp: ws://localhost:51629/devtoo..., se:cdpVersion: 104.0.5112.102, setWindowRect: true, strictFileInteractability: false, timeouts: {implicit: 0, pageLoad: 300000, script: 30000}, unhandledPromptBehavior: dismiss and notify, webauthn:extension:credBlob: true, webauthn:extension:largeBlob: true, webauthn:virtualAuthenticators: true}
Session ID: a7dd377602f4adb343064a02522294cf
]]></failure>
    <system-out><![CDATA[chrome
false

@WholeBoxesFeature @StrixFlotas
Scenario: Instalacion de la solucion Strix flotas                                                                            &amp#27;[90m# src/test/resources/features/strix_flotas.feature:13&amp#27;[0m
SOLICITUD ID: 482504392
SELECT TOP 1 Turno_ID, Titulo
  FROM Turnos
  where titulo = 'ZZ229TP'
Nro. Documento: 34945865
Dominio: ZZ229TP
Nro. Solicitud: 482504392
Nro. Chasis: CHA_482504392
Nro. Motor: MOT_482504392
  &amp#27;[32mGiven &amp#27;[0m&amp#27;[32mGenera una solicitud para el servicio &amp#27;[0m&amp#27;[32m&amp#27;[1m"STRIX_FLOTAS"&amp#27;[0m&amp#27;[32m y espera &amp#27;[0m&amp#27;[32m&amp#27;[1m60&amp#27;[0m&amp#27;[32m segundos&amp#27;[0m                                            &amp#27;[90m# steps.LandingStep.generaUnaSolicitudYEspera(java.lang.String,int)&amp#27;[0m
  &amp#27;[32mWhen &amp#27;[0m&amp#27;[32mIngresa a la pagina de Boxes&amp#27;[0m                                                                                          &amp#27;[90m# steps.LandingStep.visitBoxes()&amp#27;[0m
  &amp#27;[32mAnd &amp#27;[0m&amp#27;[32mSelecciona opcion login&amp#27;[0m                                                                                                &amp#27;[90m# steps.LandingStep.gotoLogin()&amp#27;[0m
  &amp#27;[32mAnd &amp#27;[0m&amp#27;[32mIngresa credenciales para &amp#27;[0m&amp#27;[32m&amp#27;[1m'ale'&amp#27;[0m&amp#27;[32m y selecciona ingresar&amp#27;[0m                                                                  &amp#27;[90m# steps.LoginStep.logOn(java.lang.String)&amp#27;[0m
  &amp#27;[32mThen &amp#27;[0m&amp#27;[32mValida que se ecuentra en correctamente logueado&amp#27;[0m                                                                      &amp#27;[90m# steps.LoginStep.isUserLoggedOn()&amp#27;[0m
Comienza el test STRIX_FLOTAS
  &amp#27;[32mGiven &amp#27;[0m&amp#27;[32mun turno de Instalacion para la solucion &amp#27;[0m&amp#27;[32m&amp#27;[1m"STRIX_FLOTAS"&amp#27;[0m                                                              &amp#27;[90m# steps.TasksStep.comienzaElTest(java.lang.String)&amp#27;[0m
  &amp#27;[32mWhen &amp#27;[0m&amp#27;[32mse filtran tareas por vehiculo&amp#27;[0m                                                                                        &amp#27;[90m# steps.TasksStep.seFiltranTareasPorVehiculo()&amp#27;[0m
No se pudo revalidar login
  &amp#27;[32mAnd &amp#27;[0m&amp#27;[32mse accede a la tarea de: &amp#27;[0m&amp#27;[32m&amp#27;[1m"RecepciÃ³n"&amp#27;[0m                                                                                   &amp#27;[90m# steps.TasksStep.seAccedeALaTareaDe(java.lang.String)&amp#27;[0m
SELECT TOP 1 PART_PARTIDA_EMP Partida_Empresa
FROM STOC_ARTS
JOIN STOC_PART ON PART_ARTICULO = ARTS_ARTICULO
JOIN STOC_SDPP ON SDPP_PARTIDA = PART_PARTIDA
JOIN STOC_DPOS ON DPOS_DEPOSITO = SDPP_DEPOSITO
JOIN STOC_STDP ON STDP_ARTICULO = ARTS_ARTICULO AND STDP_DEPOSITO = SDPP_DEPOSITO
JOIN STOC_CA05 ON ARTS_CLASIF_5 = STOC_CA05.CA05_CLASIF_5
WHERE PART_CLASIF_1='NNS'
AND SDPP_STOCK_ACT > 0
AND STDP_STOCK_ACT > 0
AND SDPP_DEPOSITO = 179
AND ARTS_ARTICULO_EMP IN ('KCARGMT','KCHGS15','KGMT200','KGPS15M','KGPSS15','KIT10DS',
'KIT15DS','KIT16DS','KIT2630','KITCAR2','KITGE10','KITGE11','KITGS16','KITQ200',
'KITS6FW','KITS6SS','KLMU200','KS15MDS','KTG2630','KTGG200','KTGS15B','KTLMU2')
AND NOT EXISTS
(SELECT *
FROM [LJSQLDEVTEST02,1433].calipso_intdev01.dbo.b_inventory i
JOIN [LJSQLDEVTEST02,1433].calipso_intdev01.dbo.b_place_inventory pi on pi.place_inve_inventory_id = i.inventory_id
WHERE pi.place_inve_to_date is null
AND PART_PARTIDA_EMP like 'ID900%'
AND i.inventory_serial = PART_PARTIDA_EMP COLLATE Latin1_General_CI_AS)
ORDER BY NEWID()
  &amp#27;[32mAnd &amp#27;[0m&amp#27;[32mobtener nro de serie del GPS para &amp#27;[0m&amp#27;[32m&amp#27;[1m"STRIX_FLOTAS"&amp#27;[0m                                                                       &amp#27;[90m# steps.InstalacionStep.obtenerNroDeSerieDelGPS(java.lang.String)&amp#27;[0m
  &amp#27;[32mAnd &amp#27;[0m&amp#27;[32mse accede a la tarea de: &amp#27;[0m&amp#27;[32m&amp#27;[1m"InstalaciÃ³n"&amp#27;[0m                                                                                 &amp#27;[90m# steps.TasksStep.seAccedeALaTareaDe(java.lang.String)&amp#27;[0m
  &amp#27;[32mAnd &amp#27;[0m&amp#27;[32mSelecciona la opcion &amp#27;[0m&amp#27;[32m&amp#27;[1m"GPS"&amp#27;[0m                                                                                             &amp#27;[90m# steps.InstalacionStep.selectCTA(java.lang.String)&amp#27;[0m
  &amp#27;[32mAnd &amp#27;[0m&amp#27;[32mselecciona empresa &amp#27;[0m&amp#27;[32m&amp#27;[1m"Oleiros"&amp#27;[0m                                                                                           &amp#27;[90m# steps.InstalacionStep.seleccionaEmpresayVerificaNroSerieDispositivo(java.lang.String)&amp#27;[0m
GPS SERIAL NUMBER: 900000000000161
  &amp#27;[32mAnd &amp#27;[0m&amp#27;[32mingresa numero de serie de &amp#27;[0m&amp#27;[32m&amp#27;[1m'GPS'&amp#27;[0m&amp#27;[32m valido&amp#27;[0m                                                                                &amp#27;[90m# steps.InstalacionStep.ingresaNroSerie(java.lang.String)&amp#27;[0m
  &amp#27;[32mAnd &amp#27;[0m&amp#27;[32mcompletar Ubicacion &amp#27;[0m&amp#27;[32m&amp#27;[1m'Piso'&amp#27;[0m&amp#27;[32m y Posicion &amp#27;[0m&amp#27;[32m&amp#27;[1m'Piso conductor'&amp#27;[0m                                                                 &amp#27;[90m# steps.InstalacionStep.completarUbicacionAsientoYPosicionDebajoAsientoConductor(java.lang.String,java.lang.String)&amp#27;[0m
  &amp#27;[32mAnd &amp#27;[0m&amp#27;[32mvalida que &amp#27;[0m&amp#27;[32m&amp#27;[1m'Visualizacion'&amp#27;[0m&amp#27;[32m tenga tilde verde&amp#27;[0m                                                                           &amp#27;[90m# steps.InstalacionStep.validaQueExistaElTildeVerde(java.lang.String)&amp#27;[0m
No es necesario capturar el spinner de carga
  &amp#27;[32mAnd &amp#27;[0m&amp#27;[32medita el kilometraje&amp#27;[0m                                                                                                   &amp#27;[90m# steps.InstalacionStep.editaElKilometraje()&amp#27;[0m
  &amp#27;[32mAnd &amp#27;[0m&amp#27;[32mvalida el numero de serie del GPS en el resumen&amp#27;[0m                                                                        &amp#27;[90m# steps.InstalacionStep.validaElNumeroDeSerieDelGPSEnElResumen()&amp#27;[0m
  &amp#27;[32mAnd &amp#27;[0m&amp#27;[32mfinaliza la instalacion sin confirmar&amp#27;[0m                                                                                  &amp#27;[90m# steps.InstalacionStep.finalizaLaInstalacionStrix_flotas()&amp#27;[0m
  &amp#27;[32mAnd &amp#27;[0m&amp#27;[32mse filtran tareas por vehiculo&amp#27;[0m                                                                                         &amp#27;[90m# steps.TasksStep.seFiltranTareasPorVehiculo()&amp#27;[0m
  &amp#27;[32mAnd &amp#27;[0m&amp#27;[32mse accede a la tarea de: &amp#27;[0m&amp#27;[32m&amp#27;[1m"VerificaciÃ³n"&amp#27;[0m                                                                                &amp#27;[90m# steps.TasksStep.seAccedeALaTareaDe(java.lang.String)&amp#27;[0m
No es necesario capturar el spinner de carga
  &amp#27;[32mAnd &amp#27;[0m&amp#27;[32mse registran los datos de la gestion operativa con contrato: &amp#27;[0m&amp#27;[32m&amp#27;[1m"Oleiros"&amp#27;[0m&amp#27;[32m y producto: &amp#27;[0m&amp#27;[32m&amp#27;[1m"STRIX"&amp#27;[0m                             &amp#27;[90m# steps.TasksStep.registrarGestionOperativa(java.lang.String,java.lang.String)&amp#27;[0m
  &amp#27;[32mAnd &amp#27;[0m&amp#27;[32mse filtran tareas por vehiculo&amp#27;[0m                                                                                         &amp#27;[90m# steps.TasksStep.seFiltranTareasPorVehiculo()&amp#27;[0m
  &amp#27;[31mAnd &amp#27;[0m&amp#27;[31mse accede a la tarea de: &amp#27;[0m&amp#27;[31m&amp#27;[1m"Control de SDS"&amp#27;[0m                                                                              &amp#27;[90m# steps.TasksStep.seAccedeALaTareaDe(java.lang.String)&amp#27;[0m
      &amp#27;[31morg.openqa.selenium.TimeoutException: Expected condition failed: waiting for element to be clickable: By.xpath: //li//label[text()='Control de SDS'] (tried for 30 second(s) with 500 milliseconds interval)
Build info: version: '4.1.4', revision: '535d840ee2'
System info: host: 'AR01ENOT0090', ip: '192.168.90.1', os.name: 'Windows 10', os.arch: 'amd64', os.version: '10.0', java.version: '13.0.2'
Driver info: org.openqa.selenium.chrome.ChromeDriver
Capabilities {acceptInsecureCerts: false, browserName: chrome, browserVersion: 104.0.5112.102, chrome: {chromedriverVersion: 104.0.5112.79 (3cf3e8c8a07d..., userDataDir: C:\Users\gfranco\AppData\Lo...}, goog:chromeOptions: {debuggerAddress: localhost:51629}, javascriptEnabled: true, networkConnectionEnabled: false, pageLoadStrategy: normal, platform: WINDOWS, platformName: WINDOWS, proxy: Proxy(), se:cdp: ws://localhost:51629/devtoo..., se:cdpVersion: 104.0.5112.102, setWindowRect: true, strictFileInteractability: false, timeouts: {implicit: 0, pageLoad: 300000, script: 30000}, unhandledPromptBehavior: dismiss and notify, webauthn:extension:credBlob: true, webauthn:extension:largeBlob: true, webauthn:virtualAuthenticators: true}
Session ID: a7dd377602f4adb343064a02522294cf
	at org.openqa.selenium.support.ui.WebDriverWait.timeoutException(WebDriverWait.java:87)
	at org.openqa.selenium.support.ui.FluentWait.until(FluentWait.java:231)
	at utils.WebBase.waitClick(WebBase.java:172)
	at pages.TaskPage.filtroTareas(TaskPage.java:58)
	at steps.TasksStep.seAccedeALaTareaDe(TasksStep.java:69)
	at âœ½.se accede a la tarea de: "Control de SDS"(file:///C:/GIT%20-%20Automatizacion%20Pruebas%20Boxes/src/test/resources/features/strix_flotas.feature:32)
&amp#27;[0m
  &amp#27;[36mAnd &amp#27;[0m&amp#27;[36mse registran los datos de Cliente, tipo de cliente: &amp#27;[0m&amp#27;[36m&amp#27;[1m"Particular"&amp#27;[0m&amp#27;[36m, condiciÃ³n impositiva: &amp#27;[0m&amp#27;[36m&amp#27;[1m"Consumidor Final"&amp#27;[0m             &amp#27;[90m# steps.TasksStep.registrarDatosDelCliente(java.lang.String,java.lang.String)&amp#27;[0m
  &amp#27;[36mAnd &amp#27;[0m&amp#27;[36mse registran los datos del Identificable con uso: &amp#27;[0m&amp#27;[36m&amp#27;[1m"41 - TRANSPORTE"&amp#27;[0m&amp#27;[36m, color: &amp#27;[0m&amp#27;[36m&amp#27;[1m"8 - AZUL"&amp#27;[0m                                 &amp#27;[90m# steps.TasksStep.seRegistranLosDatosDelIdentificable(java.lang.String,java.lang.String)&amp#27;[0m
  &amp#27;[36mAnd &amp#27;[0m&amp#27;[36mse registran los datos de Facturacion&amp#27;[0m                                                                                  &amp#27;[90m# steps.TasksStep.seRegistranLosDatosDeFacturacion()&amp#27;[0m
  &amp#27;[36mAnd &amp#27;[0m&amp#27;[36mse registran los datos de Operaciones&amp#27;[0m                                                                                  &amp#27;[90m# steps.TasksStep.seRegistranLosDatosDeOperaciones()&amp#27;[0m
  &amp#27;[36mAnd &amp#27;[0m&amp#27;[36mimprimir SDS&amp#27;[0m                                                                                                           &amp#27;[90m# steps.TasksStep.imprimirSDS()&amp#27;[0m
  &amp#27;[36mAnd &amp#27;[0m&amp#27;[36mse finaliza la tarea de Control SDS&amp#27;[0m                                                                                    &amp#27;[90m# steps.TasksStep.seFinalizaLaTareaDeControlSDS()&amp#27;[0m
  &amp#27;[36mAnd &amp#27;[0m&amp#27;[36mel cliente tiene SDS firmada electronicamente&amp#27;[0m                                                                          &amp#27;[90m# steps.TasksStep.elClienteTieneSDSFirmadaElectronicamente()&amp#27;[0m
  &amp#27;[36mAnd &amp#27;[0m&amp#27;[36mse filtran tareas por vehiculo&amp#27;[0m                                                                                         &amp#27;[90m# steps.TasksStep.seFiltranTareasPorVehiculo()&amp#27;[0m
  &amp#27;[36mAnd &amp#27;[0m&amp#27;[36mse accede a la tarea de: &amp#27;[0m&amp#27;[36m&amp#27;[1m"Cierre"&amp#27;[0m                                                                                      &amp#27;[90m# steps.TasksStep.seAccedeALaTareaDe(java.lang.String)&amp#27;[0m
  &amp#27;[36mAnd &amp#27;[0m&amp#27;[36mRealizar Cierre&amp#27;[0m                                                                                                        &amp#27;[90m# steps.TasksStep.realizarCierre()&amp#27;[0m
  &amp#27;[36mThen &amp#27;[0m&amp#27;[36mse imprimen los datos de la prueba y se espera &amp#27;[0m&amp#27;[36m&amp#27;[1m20&amp#27;[0m&amp#27;[36m segundos&amp#27;[0m                                                            &amp#27;[90m# steps.ControlesStep.seEsperanSegundos(int)&amp#27;[0m
  &amp#27;[36mAnd &amp#27;[0m&amp#27;[36mse verifica en Calipso que el equipo &amp#27;[0m&amp#27;[36m&amp#27;[1m"GPS"&amp#27;[0m&amp#27;[36m haya quedado asociado al vehiculo&amp#27;[0m                                           &amp#27;[90m# steps.ControlesStep.seVerificaEnCalipsoEquipoYVehiculo(java.lang.String)&amp#27;[0m
  &amp#27;[36mAnd &amp#27;[0m&amp#27;[36mse verifica en Calipso el plan &amp#27;[0m&amp#27;[36m&amp#27;[1m"PL_STRIXFLOTALOG"&amp#27;[0m&amp#27;[36m y el servicio &amp#27;[0m&amp#27;[36m&amp#27;[1m"SE_VISUALIZACION"&amp#27;[0m&amp#27;[36m. Company ID &amp#27;[0m&amp#27;[36m&amp#27;[1m"COM_OLEIROS"&amp#27;[0m           &amp#27;[90m# steps.ControlesStep.seVerificaenCalipsoPlanesYServicios(java.lang.String,java.lang.String,java.lang.String)&amp#27;[0m
  &amp#27;[36mAnd &amp#27;[0m&amp#27;[36mse verifican en Calipso los datos del vehiculo. Company ID &amp#27;[0m&amp#27;[36m&amp#27;[1m"COM_OLEIROS"&amp#27;[0m                                               &amp#27;[90m# steps.ControlesStep.seVerificaEnCalipsoElAltaDelClienteElVehiculoElEquipoPorLaEmpresaConLosPlanes(java.lang.String)&amp#27;[0m
  &amp#27;[36mAnd &amp#27;[0m&amp#27;[36mse verifica en Vehiculos el alta del cliente: Company ID &amp#27;[0m&amp#27;[36m&amp#27;[1m"COM_OLEIROS"&amp#27;[0m&amp#27;[36m, Nombre y apellido del cliente &amp#27;[0m&amp#27;[36m&amp#27;[1m"RATON"&amp#27;[0m&amp#27;[36m, &amp#27;[0m&amp#27;[36m&amp#27;[1m"PEREZ"&amp#27;[0m &amp#27;[90m# steps.ControlesStep.seVerificaEnLaBaseDeVehiculosAltaDelClienteyVehiculo(java.lang.String,java.lang.String,java.lang.String)&amp#27;[0m
  &amp#27;[36mAnd &amp#27;[0m&amp#27;[36mse verifica en Vehiculos la relaciÃ³n del vehiculo y el equipo &amp#27;[0m&amp#27;[36m&amp#27;[1m"GPS"&amp#27;[0m                                                    &amp#27;[90m# steps.ControlesStep.seVerificaEnLaBaseDeVehiculosAltaDelClienteyVehiculo(java.lang.String)&amp#27;[0m
  &amp#27;[36mAnd &amp#27;[0m&amp#27;[36mse verifica en Plataforma el consumo de la partida instalada. Dispositivo &amp#27;[0m&amp#27;[36m&amp#27;[1m"GPS"&amp#27;[0m                                        &amp#27;[90m# steps.ControlesStep.seVerificaEnPlataformaElConsumoDeLaPartidaInstalada(java.lang.String)&amp#27;[0m
  &amp#27;[36mAnd &amp#27;[0m&amp#27;[36mse verifica en Turnos el cierre de la solicitud&amp#27;[0m                                                                        &amp#27;[90m# steps.ControlesStep.seVerificaEnTurnosElCierreDeLaSolicitud()&amp#27;[0m
  &amp#27;[36mAnd &amp#27;[0m&amp#27;[36mse verifica en Boxes el estado &amp#27;[0m&amp#27;[36m&amp#27;[1m"Completed"&amp#27;[0m&amp#27;[36m de la tarea &amp#27;[0m&amp#27;[36m&amp#27;[1m"Venta - RecepciÃ³n"&amp#27;[0m                                             &amp#27;[90m# steps.ControlesStep.seVerificaEnBoxesElEstadoDeLaTarea(java.lang.String,java.lang.String)&amp#27;[0m
  &amp#27;[36mAnd &amp#27;[0m&amp#27;[36mse verifica en Boxes el estado &amp#27;[0m&amp#27;[36m&amp#27;[1m"Completed"&amp#27;[0m&amp#27;[36m de la tarea &amp#27;[0m&amp#27;[36m&amp#27;[1m"Venta - Control de SDS"&amp#27;[0m                                        &amp#27;[90m# steps.ControlesStep.seVerificaEnBoxesElEstadoDeLaTarea(java.lang.String,java.lang.String)&amp#27;[0m
  &amp#27;[36mAnd &amp#27;[0m&amp#27;[36mse verifica en Boxes el estado &amp#27;[0m&amp#27;[36m&amp#27;[1m"Completed"&amp#27;[0m&amp#27;[36m de la tarea &amp#27;[0m&amp#27;[36m&amp#27;[1m"Venta - InstalaciÃ³n"&amp#27;[0m                                           &amp#27;[90m# steps.ControlesStep.seVerificaEnBoxesElEstadoDeLaTarea(java.lang.String,java.lang.String)&amp#27;[0m
  &amp#27;[36mAnd &amp#27;[0m&amp#27;[36mse verifica en Boxes el estado &amp#27;[0m&amp#27;[36m&amp#27;[1m"Completed"&amp#27;[0m&amp#27;[36m de la tarea &amp#27;[0m&amp#27;[36m&amp#27;[1m"Venta - VerificaciÃ³n"&amp#27;[0m                                          &amp#27;[90m# steps.ControlesStep.seVerificaEnBoxesElEstadoDeLaTarea(java.lang.String,java.lang.String)&amp#27;[0m
  &amp#27;[36mAnd &amp#27;[0m&amp#27;[36mse verifica en Boxes el estado &amp#27;[0m&amp#27;[36m&amp#27;[1m"Completed"&amp#27;[0m&amp#27;[36m de la tarea &amp#27;[0m&amp#27;[36m&amp#27;[1m"Venta - Cierre"&amp#27;[0m                                                &amp#27;[90m# steps.ControlesStep.seVerificaEnBoxesElEstadoDeLaTarea(java.lang.String,java.lang.String)&amp#27;[0m
  &amp#27;[36mAnd &amp#27;[0m&amp#27;[36mse verifica en Magenta Flotas el vehÃ­culo&amp#27;[0m                                                                              &amp#27;[90m# steps.MagentaFlotasStep.validarVehiculo()&amp#27;[0m
]]></system-out>
    <system-err><![CDATA[[main] WARN org.testng.xml.TestNGContentHandler - It is strongly recommended to add "<!DOCTYPE suite SYSTEM "https://testng.org/testng-1.0.dtd" >" at the top of the suite file [C:\GIT - Automatizacion Pruebas Boxes\testng.xml] otherwise TestNG may fail or not work as expected.
[main] INFO org.testng.internal.Utils - [XmlSuite] [WARN] 'parallel' value 'false' is no longer valid, defaulting to 'none'.
[main] INFO io.github.bonigarcia.wdm.WebDriverManager - Using chromedriver 104.0.5112.79 (resolved driver for Chrome 104)
[main] INFO io.github.bonigarcia.wdm.WebDriverManager - Exporting webdriver.chrome.driver as C:\Users\gfranco\.cache\selenium\chromedriver\win32\104.0.5112.79\chromedriver.exe
Starting ChromeDriver 104.0.5112.79 (3cf3e8c8a07d104b9e1260c910efb8f383285dc5-refs/branch-heads/5112@{#1307}) on port 52414
Only local connections are allowed.
Please see https://chromedriver.chromium.org/security-considerations for suggestions on keeping ChromeDriver safe.
ChromeDriver was started successfully.
ago. 26, 2022 1:08:38 P. M. org.openqa.selenium.remote.ProtocolHandshake createSession
INFO: Detected dialect: W3C
ago. 26, 2022 1:08:39 P. M. org.openqa.selenium.devtools.CdpVersionFinder findNearestMatch
WARNING: Unable to find an exact match for CDP version 104, so returning the closest version found: 101
ago. 26, 2022 1:08:39 P. M. org.openqa.selenium.devtools.CdpVersionFinder findNearestMatch
INFO: Found CDP implementation for version 104 of 101
ago. 26, 2022 1:08:45 P. M. com.microsoft.sqlserver.jdbc.TDSChannel enableSSL
WARNING: TLSv1 was negotiated. Please update server and client to use TLSv1.2 at minimum.
ago. 26, 2022 1:08:46 P. M. com.microsoft.sqlserver.jdbc.TDSChannel enableSSL
WARNING: TLSv1 was negotiated. Please update server and client to use TLSv1.2 at minimum.
]]></system-err>
  </testcase>
</testsuite>